<?xml version="1.0" encoding="UTF-8"?>
<!-- Generated by org.testng.reporters.JUnitReportReporter -->
<testsuite hostname="LAPTOP-6751OT4L" failures="0" tests="2" name="com.crm.vtigerpractice.createLeadsTest" time="0.006" errors="0" timestamp="2022-03-23T10:40:36 IST" skipped="0">
  <testcase classname="com.crm.vtigerpractice.createLeadsTest" name="modifyLead" time="0.001"/>
  <system-out/>
  <testcase classname="com.crm.vtigerpractice.createLeadsTest" name="createLead" time="0.005"/>
  <system-out/>
</testsuite> <!-- com.crm.vtigerpractice.createLeadsTest -->
