<?xml version="1.0" encoding="UTF-8"?>
<!-- Generated by org.testng.reporters.JUnitReportReporter -->
<testsuite hostname="LAPTOP-6751OT4L" failures="0" tests="2" name="com.crm.vtigerpractice.createDemoTest" time="0.002" errors="0" timestamp="2022-03-23T10:40:36 IST" skipped="0">
  <testcase classname="com.crm.vtigerpractice.createDemoTest" name="modifyOrg" time="0.001"/>
  <system-out/>
  <testcase classname="com.crm.vtigerpractice.createDemoTest" name="createOrg" time="0.001"/>
  <system-out/>
</testsuite> <!-- com.crm.vtigerpractice.createDemoTest -->
