<?xml version="1.0" encoding="UTF-8"?>
<!-- Generated by org.testng.reporters.JUnitReportReporter -->
<testsuite hostname="LAPTOP-6751OT4L" failures="0" tests="1" name="com.crm.vtigerpractice.loginToVtigerParametersTest" time="5.488" errors="0" timestamp="2022-03-23T14:45:13 IST" skipped="0">
  <testcase classname="com.crm.vtigerpractice.loginToVtigerParametersTest" name="login" time="5.488"/>
  <system-out/>
</testsuite> <!-- com.crm.vtigerpractice.loginToVtigerParametersTest -->
