<?xml version="1.0" encoding="UTF-8"?>
<!-- Generated by org.testng.reporters.JUnitReportReporter -->
<testsuite hostname="LAPTOP-6751OT4L" failures="0" tests="1" name="com.crm.vtigerpractice.ParametersTest" time="0.005" errors="0" timestamp="2022-03-23T12:52:41 IST" skipped="0">
  <testcase classname="com.crm.vtigerpractice.ParametersTest" name="getData" time="0.005"/>
  <system-out/>
</testsuite> <!-- com.crm.vtigerpractice.ParametersTest -->
